<?xml version="1.0" encoding="UTF-8"?>
<robot generator="Robot 4.1.3 (Python 3.10.5 on win32)" generated="20220730 04:10:49.766" rpa="false" schemaversion="2">
<suite id="s1" name="Scripts" source="C:\Users\danic\OneDrive\Escritorio\Concredito\Automatizacion\Scripts.robot">
<test id="s1-t1" name="G001 Busqueda y validación de cambio de página">
<kw name="Abrir navegador y esperar" library="Resources">
<kw name="Open Browser" library="SeleniumLibrary">
<arg>${URL}</arg>
<arg>${nav}</arg>
<doc>Opens a new browser instance to the optional ``url``.</doc>
<msg timestamp="20220730 04:10:50.007" level="INFO">Opening browser 'chrome' to base url 'https://www.google.com/'.</msg>
<status status="PASS" starttime="20220730 04:10:50.006" endtime="20220730 04:10:52.197"/>
</kw>
<kw name="Maximize Browser Window" library="SeleniumLibrary">
<doc>Maximizes current browser window.</doc>
<status status="PASS" starttime="20220730 04:10:52.197" endtime="20220730 04:10:52.324"/>
</kw>
<kw name="Wait Until Element Is Visible" library="SeleniumLibrary">
<arg>xpath=//img[@class ='lnXdpd' and @alt ='Google']</arg>
<doc>Waits until the element ``locator`` is visible.</doc>
<status status="PASS" starttime="20220730 04:10:52.325" endtime="20220730 04:10:52.349"/>
</kw>
<status status="PASS" starttime="20220730 04:10:50.006" endtime="20220730 04:10:52.349"/>
</kw>
<kw name="Input Text" library="SeleniumLibrary">
<arg>xpath=//input[@class='gLFyf gsfi' and @name ='q']</arg>
<arg>${word1}</arg>
<doc>Types the given ``text`` into the text field identified by ``locator``.</doc>
<msg timestamp="20220730 04:10:52.350" level="INFO">Typing text 'concredito' into text field 'xpath=//input[@class='gLFyf gsfi' and @name ='q']'.</msg>
<status status="PASS" starttime="20220730 04:10:52.350" endtime="20220730 04:10:52.434"/>
</kw>
<kw name="Click Element" library="SeleniumLibrary">
<arg>xpath=//img[@class ='lnXdpd' and @alt ='Google']</arg>
<doc>Click the element identified by ``locator``.</doc>
<msg timestamp="20220730 04:10:52.434" level="INFO">Clicking element 'xpath=//img[@class ='lnXdpd' and @alt ='Google']'.</msg>
<status status="PASS" starttime="20220730 04:10:52.434" endtime="20220730 04:10:52.471"/>
</kw>
<kw name="Click Element" library="SeleniumLibrary">
<arg>xpath=(//input[@role="button"])[2]</arg>
<doc>Click the element identified by ``locator``.</doc>
<msg timestamp="20220730 04:10:52.472" level="INFO">Clicking element 'xpath=(//input[@role="button"])[2]'.</msg>
<status status="PASS" starttime="20220730 04:10:52.471" endtime="20220730 04:10:54.408"/>
</kw>
<kw name="Page Should Contain" library="SeleniumLibrary">
<arg>${word1}</arg>
<doc>Verifies that current page contains ``text``.</doc>
<msg timestamp="20220730 04:10:54.434" level="INFO">Current page contains text 'concredito'.</msg>
<status status="PASS" starttime="20220730 04:10:54.409" endtime="20220730 04:10:54.434"/>
</kw>
<kw name="Close Browser" library="SeleniumLibrary">
<doc>Closes the current browser.</doc>
<status status="PASS" starttime="20220730 04:10:54.434" endtime="20220730 04:10:56.572"/>
</kw>
<status status="PASS" starttime="20220730 04:10:50.005" endtime="20220730 04:10:56.573"/>
</test>
<test id="s1-t2" name="G002 Busqueda con boton me siento con suerte">
<kw name="Abrir navegador y esperar" library="Resources">
<kw name="Open Browser" library="SeleniumLibrary">
<arg>${URL}</arg>
<arg>${nav}</arg>
<doc>Opens a new browser instance to the optional ``url``.</doc>
<msg timestamp="20220730 04:10:56.575" level="INFO">Opening browser 'chrome' to base url 'https://www.google.com/'.</msg>
<status status="PASS" starttime="20220730 04:10:56.575" endtime="20220730 04:10:58.660"/>
</kw>
<kw name="Maximize Browser Window" library="SeleniumLibrary">
<doc>Maximizes current browser window.</doc>
<status status="PASS" starttime="20220730 04:10:58.660" endtime="20220730 04:10:58.787"/>
</kw>
<kw name="Wait Until Element Is Visible" library="SeleniumLibrary">
<arg>xpath=//img[@class ='lnXdpd' and @alt ='Google']</arg>
<doc>Waits until the element ``locator`` is visible.</doc>
<status status="PASS" starttime="20220730 04:10:58.787" endtime="20220730 04:10:58.809"/>
</kw>
<status status="PASS" starttime="20220730 04:10:56.575" endtime="20220730 04:10:58.809"/>
</kw>
<kw name="Input Text" library="SeleniumLibrary">
<arg>xpath=//input[@class='gLFyf gsfi' and @name ='q']</arg>
<arg>${word1}</arg>
<doc>Types the given ``text`` into the text field identified by ``locator``.</doc>
<msg timestamp="20220730 04:10:58.810" level="INFO">Typing text 'concredito' into text field 'xpath=//input[@class='gLFyf gsfi' and @name ='q']'.</msg>
<status status="PASS" starttime="20220730 04:10:58.810" endtime="20220730 04:10:58.900"/>
</kw>
<kw name="Click Element" library="SeleniumLibrary">
<arg>xpath=//img[@class ='lnXdpd' and @alt ='Google']</arg>
<doc>Click the element identified by ``locator``.</doc>
<msg timestamp="20220730 04:10:58.900" level="INFO">Clicking element 'xpath=//img[@class ='lnXdpd' and @alt ='Google']'.</msg>
<status status="PASS" starttime="20220730 04:10:58.900" endtime="20220730 04:10:58.943"/>
</kw>
<kw name="Click Element" library="SeleniumLibrary">
<arg>xpath=(//input[@role="button"])[2]</arg>
<doc>Click the element identified by ``locator``.</doc>
<msg timestamp="20220730 04:10:58.943" level="INFO">Clicking element 'xpath=(//input[@role="button"])[2]'.</msg>
<status status="PASS" starttime="20220730 04:10:58.943" endtime="20220730 04:11:00.926"/>
</kw>
<kw name="Page Should Contain" library="SeleniumLibrary">
<arg>${word1}</arg>
<doc>Verifies that current page contains ``text``.</doc>
<msg timestamp="20220730 04:11:00.953" level="INFO">Current page contains text 'concredito'.</msg>
<status status="PASS" starttime="20220730 04:11:00.927" endtime="20220730 04:11:00.953"/>
</kw>
<kw name="Close Browser" library="SeleniumLibrary">
<doc>Closes the current browser.</doc>
<status status="PASS" starttime="20220730 04:11:00.954" endtime="20220730 04:11:03.094"/>
</kw>
<status status="PASS" starttime="20220730 04:10:56.574" endtime="20220730 04:11:03.095"/>
</test>
<test id="s1-t3" name="G003 Realizar una búsqueda y después otra búsqueda">
<kw name="Abrir navegador y esperar" library="Resources">
<kw name="Open Browser" library="SeleniumLibrary">
<arg>${URL}</arg>
<arg>${nav}</arg>
<doc>Opens a new browser instance to the optional ``url``.</doc>
<msg timestamp="20220730 04:11:03.097" level="INFO">Opening browser 'chrome' to base url 'https://www.google.com/'.</msg>
<status status="PASS" starttime="20220730 04:11:03.097" endtime="20220730 04:11:05.111"/>
</kw>
<kw name="Maximize Browser Window" library="SeleniumLibrary">
<doc>Maximizes current browser window.</doc>
<status status="PASS" starttime="20220730 04:11:05.111" endtime="20220730 04:11:05.237"/>
</kw>
<kw name="Wait Until Element Is Visible" library="SeleniumLibrary">
<arg>xpath=//img[@class ='lnXdpd' and @alt ='Google']</arg>
<doc>Waits until the element ``locator`` is visible.</doc>
<status status="PASS" starttime="20220730 04:11:05.237" endtime="20220730 04:11:05.260"/>
</kw>
<status status="PASS" starttime="20220730 04:11:03.097" endtime="20220730 04:11:05.261"/>
</kw>
<kw name="Input Text" library="SeleniumLibrary">
<arg>xpath=//input[@class='gLFyf gsfi' and @name ='q']</arg>
<arg>${word1}</arg>
<doc>Types the given ``text`` into the text field identified by ``locator``.</doc>
<msg timestamp="20220730 04:11:05.261" level="INFO">Typing text 'concredito' into text field 'xpath=//input[@class='gLFyf gsfi' and @name ='q']'.</msg>
<status status="PASS" starttime="20220730 04:11:05.261" endtime="20220730 04:11:05.343"/>
</kw>
<kw name="Click Element" library="SeleniumLibrary">
<arg>xpath=//img[@class ='lnXdpd' and @alt ='Google']</arg>
<doc>Click the element identified by ``locator``.</doc>
<msg timestamp="20220730 04:11:05.344" level="INFO">Clicking element 'xpath=//img[@class ='lnXdpd' and @alt ='Google']'.</msg>
<status status="PASS" starttime="20220730 04:11:05.344" endtime="20220730 04:11:05.381"/>
</kw>
<kw name="Click Element" library="SeleniumLibrary">
<arg>xpath=(//input[@role="button"])[2]</arg>
<doc>Click the element identified by ``locator``.</doc>
<msg timestamp="20220730 04:11:05.382" level="INFO">Clicking element 'xpath=(//input[@role="button"])[2]'.</msg>
<status status="PASS" starttime="20220730 04:11:05.382" endtime="20220730 04:11:07.207"/>
</kw>
<kw name="Page Should Contain" library="SeleniumLibrary">
<arg>${word1}</arg>
<doc>Verifies that current page contains ``text``.</doc>
<msg timestamp="20220730 04:11:07.233" level="INFO">Current page contains text 'concredito'.</msg>
<status status="PASS" starttime="20220730 04:11:07.207" endtime="20220730 04:11:07.233"/>
</kw>
<kw name="Input Text" library="SeleniumLibrary">
<arg>xpath=//input[@role='combobox']</arg>
<arg>${word2}</arg>
<doc>Types the given ``text`` into the text field identified by ``locator``.</doc>
<msg timestamp="20220730 04:11:07.234" level="INFO">Typing text 'asgaror' into text field 'xpath=//input[@role='combobox']'.</msg>
<status status="PASS" starttime="20220730 04:11:07.234" endtime="20220730 04:11:07.334"/>
</kw>
<kw name="Wait Until Element Is Visible" library="SeleniumLibrary">
<arg>xpath=(//input[@role='combobox'])[1]</arg>
<doc>Waits until the element ``locator`` is visible.</doc>
<status status="PASS" starttime="20220730 04:11:07.335" endtime="20220730 04:11:07.373"/>
</kw>
<kw name="Click Element" library="SeleniumLibrary">
<arg>xpath=(//button)[1]</arg>
<doc>Click the element identified by ``locator``.</doc>
<msg timestamp="20220730 04:11:07.374" level="INFO">Clicking element 'xpath=(//button)[1]'.</msg>
<status status="PASS" starttime="20220730 04:11:07.374" endtime="20220730 04:11:08.458"/>
</kw>
<kw name="Page Should Contain" library="SeleniumLibrary">
<arg>${word2}</arg>
<doc>Verifies that current page contains ``text``.</doc>
<msg timestamp="20220730 04:11:08.482" level="INFO">Current page contains text 'asgaror'.</msg>
<status status="PASS" starttime="20220730 04:11:08.458" endtime="20220730 04:11:08.482"/>
</kw>
<kw name="Close Browser" library="SeleniumLibrary">
<doc>Closes the current browser.</doc>
<status status="PASS" starttime="20220730 04:11:08.482" endtime="20220730 04:11:10.650"/>
</kw>
<status status="PASS" starttime="20220730 04:11:03.096" endtime="20220730 04:11:10.651"/>
</test>
<test id="s1-t4" name="G004 Realizar una búsqueda, cambiar de página de resultados y validar">
<kw name="Abrir navegador y esperar" library="Resources">
<kw name="Open Browser" library="SeleniumLibrary">
<arg>${URL}</arg>
<arg>${nav}</arg>
<doc>Opens a new browser instance to the optional ``url``.</doc>
<msg timestamp="20220730 04:11:10.653" level="INFO">Opening browser 'chrome' to base url 'https://www.google.com/'.</msg>
<status status="PASS" starttime="20220730 04:11:10.653" endtime="20220730 04:11:12.716"/>
</kw>
<kw name="Maximize Browser Window" library="SeleniumLibrary">
<doc>Maximizes current browser window.</doc>
<status status="PASS" starttime="20220730 04:11:12.716" endtime="20220730 04:11:12.831"/>
</kw>
<kw name="Wait Until Element Is Visible" library="SeleniumLibrary">
<arg>xpath=//img[@class ='lnXdpd' and @alt ='Google']</arg>
<doc>Waits until the element ``locator`` is visible.</doc>
<status status="PASS" starttime="20220730 04:11:12.831" endtime="20220730 04:11:12.854"/>
</kw>
<status status="PASS" starttime="20220730 04:11:10.653" endtime="20220730 04:11:12.854"/>
</kw>
<kw name="Input Text" library="SeleniumLibrary">
<arg>xpath=//input[@class='gLFyf gsfi' and @name ='q']</arg>
<arg>${word1}</arg>
<doc>Types the given ``text`` into the text field identified by ``locator``.</doc>
<msg timestamp="20220730 04:11:12.855" level="INFO">Typing text 'concredito' into text field 'xpath=//input[@class='gLFyf gsfi' and @name ='q']'.</msg>
<status status="PASS" starttime="20220730 04:11:12.855" endtime="20220730 04:11:12.945"/>
</kw>
<kw name="Click Element" library="SeleniumLibrary">
<arg>xpath=//img[@class ='lnXdpd' and @alt ='Google']</arg>
<doc>Click the element identified by ``locator``.</doc>
<msg timestamp="20220730 04:11:12.946" level="INFO">Clicking element 'xpath=//img[@class ='lnXdpd' and @alt ='Google']'.</msg>
<status status="PASS" starttime="20220730 04:11:12.946" endtime="20220730 04:11:12.990"/>
</kw>
<kw name="Click Element" library="SeleniumLibrary">
<arg>xpath=(//input[@role="button"])[2]</arg>
<doc>Click the element identified by ``locator``.</doc>
<msg timestamp="20220730 04:11:12.991" level="INFO">Clicking element 'xpath=(//input[@role="button"])[2]'.</msg>
<status status="PASS" starttime="20220730 04:11:12.991" endtime="20220730 04:11:14.834"/>
</kw>
<kw name="Page Should Contain" library="SeleniumLibrary">
<arg>${word1}</arg>
<doc>Verifies that current page contains ``text``.</doc>
<msg timestamp="20220730 04:11:14.860" level="INFO">Current page contains text 'concredito'.</msg>
<status status="PASS" starttime="20220730 04:11:14.835" endtime="20220730 04:11:14.860"/>
</kw>
<kw name="Click Element" library="SeleniumLibrary">
<arg>xpath=//a[@aria-label='Page 2']</arg>
<doc>Click the element identified by ``locator``.</doc>
<msg timestamp="20220730 04:11:14.861" level="INFO">Clicking element 'xpath=//a[@aria-label='Page 2']'.</msg>
<status status="PASS" starttime="20220730 04:11:14.861" endtime="20220730 04:11:15.753"/>
</kw>
<kw name="Page Should Contain" library="SeleniumLibrary">
<arg>Página 2</arg>
<doc>Verifies that current page contains ``text``.</doc>
<msg timestamp="20220730 04:11:15.770" level="INFO">Current page contains text 'Página 2'.</msg>
<status status="PASS" starttime="20220730 04:11:15.753" endtime="20220730 04:11:15.771"/>
</kw>
<kw name="Close Browser" library="SeleniumLibrary">
<doc>Closes the current browser.</doc>
<status status="PASS" starttime="20220730 04:11:15.771" endtime="20220730 04:11:17.910"/>
</kw>
<status status="PASS" starttime="20220730 04:11:10.652" endtime="20220730 04:11:17.911"/>
</test>
<test id="s1-t5" name="G005 Realizar una búsqueda, abrir una imagen, validar que la muestre, cerrar y validar que cierre">
<kw name="Abrir navegador y esperar" library="Resources">
<kw name="Open Browser" library="SeleniumLibrary">
<arg>${URL}</arg>
<arg>${nav}</arg>
<doc>Opens a new browser instance to the optional ``url``.</doc>
<msg timestamp="20220730 04:11:17.913" level="INFO">Opening browser 'chrome' to base url 'https://www.google.com/'.</msg>
<status status="PASS" starttime="20220730 04:11:17.913" endtime="20220730 04:11:20.022"/>
</kw>
<kw name="Maximize Browser Window" library="SeleniumLibrary">
<doc>Maximizes current browser window.</doc>
<status status="PASS" starttime="20220730 04:11:20.023" endtime="20220730 04:11:20.150"/>
</kw>
<kw name="Wait Until Element Is Visible" library="SeleniumLibrary">
<arg>xpath=//img[@class ='lnXdpd' and @alt ='Google']</arg>
<doc>Waits until the element ``locator`` is visible.</doc>
<status status="PASS" starttime="20220730 04:11:20.150" endtime="20220730 04:11:20.173"/>
</kw>
<status status="PASS" starttime="20220730 04:11:17.912" endtime="20220730 04:11:20.173"/>
</kw>
<kw name="Click Element" library="SeleniumLibrary">
<arg>xpath=(//a[@class="gb_d"])[2]</arg>
<doc>Click the element identified by ``locator``.</doc>
<msg timestamp="20220730 04:11:20.173" level="INFO">Clicking element 'xpath=(//a[@class="gb_d"])[2]'.</msg>
<status status="PASS" starttime="20220730 04:11:20.173" endtime="20220730 04:11:21.071"/>
</kw>
<kw name="Input Text" library="SeleniumLibrary">
<arg>xpath=//input[@title='Buscar' and @role='combobox']</arg>
<arg>${word1}</arg>
<doc>Types the given ``text`` into the text field identified by ``locator``.</doc>
<msg timestamp="20220730 04:11:21.072" level="INFO">Typing text 'concredito' into text field 'xpath=//input[@title='Buscar' and @role='combobox']'.</msg>
<status status="PASS" starttime="20220730 04:11:21.071" endtime="20220730 04:11:21.160"/>
</kw>
<kw name="Click Element" library="SeleniumLibrary">
<arg>xpath=//img[@alt="Imágenes de Google"]</arg>
<doc>Click the element identified by ``locator``.</doc>
<msg timestamp="20220730 04:11:21.161" level="INFO">Clicking element 'xpath=//img[@alt="Imágenes de Google"]'.</msg>
<status status="PASS" starttime="20220730 04:11:21.160" endtime="20220730 04:11:21.200"/>
</kw>
<kw name="Click Element" library="SeleniumLibrary">
<arg>xpath=//button[@type="submit"]</arg>
<doc>Click the element identified by ``locator``.</doc>
<msg timestamp="20220730 04:11:21.201" level="INFO">Clicking element 'xpath=//button[@type="submit"]'.</msg>
<status status="PASS" starttime="20220730 04:11:21.200" endtime="20220730 04:11:22.692"/>
</kw>
<kw name="Wait Until Element Is Visible" library="SeleniumLibrary">
<arg>xpath=//img[@alt="ConCrédito - Esto es Culiacán"]</arg>
<doc>Waits until the element ``locator`` is visible.</doc>
<status status="PASS" starttime="20220730 04:11:22.693" endtime="20220730 04:11:22.716"/>
</kw>
<kw name="Click Element" library="SeleniumLibrary">
<arg>xpath=//img[@alt="ConCrédito - Esto es Culiacán"]</arg>
<doc>Click the element identified by ``locator``.</doc>
<msg timestamp="20220730 04:11:22.717" level="INFO">Clicking element 'xpath=//img[@alt="ConCrédito - Esto es Culiacán"]'.</msg>
<status status="PASS" starttime="20220730 04:11:22.717" endtime="20220730 04:11:22.857"/>
</kw>
<kw name="Wait Until Element Is Visible" library="SeleniumLibrary">
<arg>xpath=//div[@id="Sva75c"]</arg>
<doc>Waits until the element ``locator`` is visible.</doc>
<status status="PASS" starttime="20220730 04:11:22.858" endtime="20220730 04:11:22.951"/>
</kw>
<kw name="Click Element" library="SeleniumLibrary">
<arg>xpath=(//a[@role="button"])[3]</arg>
<doc>Click the element identified by ``locator``.</doc>
<msg timestamp="20220730 04:11:22.952" level="INFO">Clicking element 'xpath=(//a[@role="button"])[3]'.</msg>
<status status="PASS" starttime="20220730 04:11:22.952" endtime="20220730 04:11:23.050"/>
</kw>
<kw name="Wait Until Element Is Not Visible" library="SeleniumLibrary">
<arg>xpath=//div[@id="Sva75c"]</arg>
<doc>Waits until the element ``locator`` is not visible.</doc>
<status status="PASS" starttime="20220730 04:11:23.050" endtime="20220730 04:11:23.125"/>
</kw>
<kw name="Close Browser" library="SeleniumLibrary">
<doc>Closes the current browser.</doc>
<status status="PASS" starttime="20220730 04:11:23.125" endtime="20220730 04:11:25.304"/>
</kw>
<status status="PASS" starttime="20220730 04:11:17.912" endtime="20220730 04:11:25.305"/>
</test>
<status status="PASS" starttime="20220730 04:10:49.768" endtime="20220730 04:11:25.307"/>
</suite>
<statistics>
<total>
<stat pass="5" fail="0" skip="0">All Tests</stat>
</total>
<tag>
</tag>
<suite>
<stat pass="5" fail="0" skip="0" id="s1" name="Scripts">Scripts</stat>
</suite>
</statistics>
<errors>
</errors>
</robot>
